<?xml version="1.0" encoding="UTF-8"?>
<!-- Generated by org.testng.reporters.JUnitXMLReporter -->
<testsuite hostname="HP-PC" ignored="0" name="Test" tests="1" failures="1" timestamp="23 Apr 2018 19:09:16 GMT" time="0.03" errors="0">
  <testcase name="checkHomePage" time="0.0" classname="com.actitime.tests.HomePageTest">
    <failure type="org.testng.TestNGException" message="
Cannot inject @Test annotated Method [checkHomePage] with [interface org.openqa.selenium.WebDriver].
For more information on native dependency injection please refer to http://testng.org/doc/documentation-main.html#native-dependency-injection">
      <![CDATA[org.testng.TestNGException: 
Cannot inject @Test annotated Method [checkHomePage] with [interface org.openqa.selenium.WebDriver].
For more information on native dependency injection please refer to http://testng.org/doc/documentation-main.html#native-dependency-injection
... Removed 24 stack frames]]>
    </failure>
  </testcase> <!-- checkHomePage -->
</testsuite> <!-- Test -->
